<?xml version="1.0" encoding="UTF-8"?>
<!-- Generated by org.testng.reporters.JUnitXMLReporter -->
<testsuite ignored="0" hostname="Brahmendras-MacBook-Air.local" failures="0" tests="3" name="Test" time="18.969" errors="0" timestamp="2025-12-31T19:40:26 GMT-05:00">
  <testcase classname="com.actiTime.tests.verifyversiontest" name="testverifyversion" time="1.484"/>
  <testcase classname="com.actiTime.tests.invalidloginTest" name="testinvalidlogin" time="4.463"/>
  <testcase classname="com.actiTime.tests.validLoginLogoutTest" name="testvalidloginlogout" time="2.684"/>
</testsuite> <!-- Test -->
