<?xml version="1.0" encoding="UTF-8"?>
<!-- Generated by org.testng.reporters.JUnitXMLReporter -->
<testsuite ignored="0" hostname="Brahmendras-MacBook-Air.local" failures="0" tests="3" name="Test" time="20.469" errors="0" timestamp="2026-03-23T16:47:40 GMT-04:00">
  <testcase classname="com.orangeHRM.tests.invalidloginTest" name="testinvalidlogin" time="3.405"/>
  <testcase classname="com.orangeHRM.tests.validLoginLogoutTest" name="testvalidloginlogout" time="5.491"/>
  <testcase classname="com.orangeHRM.tests.verifyLogoutTest" name="testverifylogout" time="5.538"/>
</testsuite> <!-- Test -->
