<?xml version="1.0" encoding="UTF-8"?>
<testng-results ignored="0" total="4" passed="4" failed="0" skipped="0">
  <reporter-output>
    <line>
      <![CDATA[title is matching]]>
    </line>
    <line>
      <![CDATA[username:edtrte]]>
    </line>
    <line>
      <![CDATA[element is present]]>
    </line>
    <line>
      <![CDATA[password:ettete]]>
    </line>
    <line>
      <![CDATA[element is present]]>
    </line>
    <line>
      <![CDATA[element is present]]>
    </line>
    <line>
      <![CDATA[username:dsds]]>
    </line>
    <line>
      <![CDATA[element is present]]>
    </line>
    <line>
      <![CDATA[password:dsds]]>
    </line>
    <line>
      <![CDATA[element is present]]>
    </line>
    <line>
      <![CDATA[element is present]]>
    </line>
    <line>
      <![CDATA[username:dsds]]>
    </line>
    <line>
      <![CDATA[element is present]]>
    </line>
    <line>
      <![CDATA[password:dsds]]>
    </line>
    <line>
      <![CDATA[element is present]]>
    </line>
    <line>
      <![CDATA[element is present]]>
    </line>
    <line>
      <![CDATA[element is present]]>
    </line>
    <line>
      <![CDATA[element is present]]>
    </line>
    <line>
      <![CDATA[testing:Dashboard]]>
    </line>
    <line>
      <![CDATA[title is matching]]>
    </line>
    <line>
      <![CDATA[user name is:Admin]]>
    </line>
    <line>
      <![CDATA[element is present]]>
    </line>
    <line>
      <![CDATA[user pass is:admin123]]>
    </line>
    <line>
      <![CDATA[element is present]]>
    </line>
    <line>
      <![CDATA[element is present]]>
    </line>
    <line>
      <![CDATA[element is present]]>
    </line>
    <line>
      <![CDATA[element is present]]>
    </line>
    <line>
      <![CDATA[title is matching]]>
    </line>
    <line>
      <![CDATA[element is present]]>
    </line>
    <line>
      <![CDATA[element is present]]>
    </line>
    <line>
      <![CDATA[element is present]]>
    </line>
    <line>
      <![CDATA[element is present]]>
    </line>
    <line>
      <![CDATA[title is matching]]>
    </line>
    <line>
      <![CDATA[element is present]]>
    </line>
    <line>
      <![CDATA[element is present]]>
    </line>
    <line>
      <![CDATA[element is present]]>
    </line>
    <line>
      <![CDATA[element is present]]>
    </line>
    <line>
      <![CDATA[element is present]]>
    </line>
    <line>
      <![CDATA[title is matching]]>
    </line>
    <line>
      <![CDATA[element is present]]>
    </line>
  </reporter-output>
  <suite started-at="2026-03-24T20:34:20 GMT-04:00" name="Suite" finished-at="2026-03-24T20:36:50 GMT-04:00" duration-ms="149167">
    <groups>
    </groups>
    <test started-at="2026-03-24T20:34:20 GMT-04:00" name="Test" finished-at="2026-03-24T20:36:50 GMT-04:00" duration-ms="149167">
      <class name="com.orangeHRM.tests.invalidloginTest">
        <test-method is-config="true" signature="precondition()[pri:0, instance:com.orangeHRM.tests.invalidloginTest@65e98b1c]" started-at="2026-03-24T20:34:20 GMT-04:00" name="precondition" finished-at="2026-03-24T20:34:29 GMT-04:00" duration-ms="8421" status="PASS">
          <reporter-output>
          </reporter-output>
        </test-method> <!-- precondition -->
        <test-method signature="testinvalidlogin()[pri:0, instance:com.orangeHRM.tests.invalidloginTest@65e98b1c]" started-at="2026-03-24T20:34:29 GMT-04:00" name="testinvalidlogin" finished-at="2026-03-24T20:34:47 GMT-04:00" duration-ms="18434" status="PASS">
          <reporter-output>
            <line>
              <![CDATA[title is matching]]>
            </line>
            <line>
              <![CDATA[username:edtrte]]>
            </line>
            <line>
              <![CDATA[element is present]]>
            </line>
            <line>
              <![CDATA[password:ettete]]>
            </line>
            <line>
              <![CDATA[element is present]]>
            </line>
            <line>
              <![CDATA[element is present]]>
            </line>
            <line>
              <![CDATA[username:dsds]]>
            </line>
            <line>
              <![CDATA[element is present]]>
            </line>
            <line>
              <![CDATA[password:dsds]]>
            </line>
            <line>
              <![CDATA[element is present]]>
            </line>
            <line>
              <![CDATA[element is present]]>
            </line>
            <line>
              <![CDATA[username:dsds]]>
            </line>
            <line>
              <![CDATA[element is present]]>
            </line>
            <line>
              <![CDATA[password:dsds]]>
            </line>
            <line>
              <![CDATA[element is present]]>
            </line>
            <line>
              <![CDATA[element is present]]>
            </line>
            <line>
              <![CDATA[element is present]]>
            </line>
            <line>
              <![CDATA[element is present]]>
            </line>
          </reporter-output>
        </test-method> <!-- testinvalidlogin -->
        <test-method is-config="true" signature="postcondition(org.testng.ITestResult)[pri:0, instance:com.orangeHRM.tests.invalidloginTest@65e98b1c]" started-at="2026-03-24T20:34:47 GMT-04:00" name="postcondition" finished-at="2026-03-24T20:34:58 GMT-04:00" duration-ms="10196" status="PASS">
          <params>
            <param index="0">
              <value>
                <![CDATA[[TestResult name=testinvalidlogin status=SUCCESS method=invalidloginTest.testinvalidlogin()[pri:0, instance:com.orangeHRM.tests.invalidloginTest@65e98b1c] output=title is matching]]]>
              </value>
            </param>
          </params>
          <reporter-output>
          </reporter-output>
        </test-method> <!-- postcondition -->
      </class> <!-- com.orangeHRM.tests.invalidloginTest -->
      <class name="com.orangeHRM.tests.verifyLogoutTest">
        <test-method is-config="true" signature="precondition()[pri:0, instance:com.orangeHRM.tests.verifyLogoutTest@45b4c3a9]" started-at="2026-03-24T20:36:11 GMT-04:00" name="precondition" finished-at="2026-03-24T20:36:18 GMT-04:00" duration-ms="6980" status="PASS">
          <reporter-output>
          </reporter-output>
        </test-method> <!-- precondition -->
        <test-method signature="testverifylogout()[pri:0, instance:com.orangeHRM.tests.verifyLogoutTest@45b4c3a9]" started-at="2026-03-24T20:36:18 GMT-04:00" name="testverifylogout" finished-at="2026-03-24T20:36:47 GMT-04:00" duration-ms="28501" status="PASS">
          <reporter-output>
            <line>
              <![CDATA[element is present]]>
            </line>
            <line>
              <![CDATA[element is present]]>
            </line>
            <line>
              <![CDATA[element is present]]>
            </line>
            <line>
              <![CDATA[element is present]]>
            </line>
            <line>
              <![CDATA[title is matching]]>
            </line>
            <line>
              <![CDATA[element is present]]>
            </line>
          </reporter-output>
        </test-method> <!-- testverifylogout -->
        <test-method is-config="true" signature="postcondition(org.testng.ITestResult)[pri:0, instance:com.orangeHRM.tests.verifyLogoutTest@45b4c3a9]" started-at="2026-03-24T20:36:47 GMT-04:00" name="postcondition" finished-at="2026-03-24T20:36:50 GMT-04:00" duration-ms="3081" status="PASS">
          <params>
            <param index="0">
              <value>
                <![CDATA[[TestResult name=testverifylogout status=SUCCESS method=verifyLogoutTest.testverifylogout()[pri:0, instance:com.orangeHRM.tests.verifyLogoutTest@45b4c3a9] output=element is present]]]>
              </value>
            </param>
          </params>
          <reporter-output>
          </reporter-output>
        </test-method> <!-- postcondition -->
      </class> <!-- com.orangeHRM.tests.verifyLogoutTest -->
      <class name="com.orangeHRM.tests.validLoginLogoutTest">
        <test-method is-config="true" signature="precondition()[pri:0, instance:com.orangeHRM.tests.validLoginLogoutTest@6a2f6f80]" started-at="2026-03-24T20:34:58 GMT-04:00" name="precondition" finished-at="2026-03-24T20:35:04 GMT-04:00" duration-ms="5960" status="PASS">
          <reporter-output>
          </reporter-output>
        </test-method> <!-- precondition -->
        <test-method signature="testvalidloginlogout()[pri:0, instance:com.orangeHRM.tests.validLoginLogoutTest@6a2f6f80]" started-at="2026-03-24T20:35:04 GMT-04:00" name="testvalidloginlogout" finished-at="2026-03-24T20:35:33 GMT-04:00" duration-ms="29340" status="PASS">
          <reporter-output>
            <line>
              <![CDATA[testing:Dashboard]]>
            </line>
            <line>
              <![CDATA[title is matching]]>
            </line>
            <line>
              <![CDATA[user name is:Admin]]>
            </line>
            <line>
              <![CDATA[element is present]]>
            </line>
            <line>
              <![CDATA[user pass is:admin123]]>
            </line>
            <line>
              <![CDATA[element is present]]>
            </line>
            <line>
              <![CDATA[element is present]]>
            </line>
            <line>
              <![CDATA[element is present]]>
            </line>
            <line>
              <![CDATA[element is present]]>
            </line>
            <line>
              <![CDATA[title is matching]]>
            </line>
          </reporter-output>
        </test-method> <!-- testvalidloginlogout -->
        <test-method is-config="true" signature="postcondition(org.testng.ITestResult)[pri:0, instance:com.orangeHRM.tests.validLoginLogoutTest@6a2f6f80]" started-at="2026-03-24T20:35:33 GMT-04:00" name="postcondition" finished-at="2026-03-24T20:35:33 GMT-04:00" duration-ms="126" status="PASS">
          <params>
            <param index="0">
              <value>
                <![CDATA[[TestResult name=testvalidloginlogout status=SUCCESS method=validLoginLogoutTest.testvalidloginlogout()[pri:0, instance:com.orangeHRM.tests.validLoginLogoutTest@6a2f6f80] output=testing:Dashboard]]]>
              </value>
            </param>
          </params>
          <reporter-output>
          </reporter-output>
        </test-method> <!-- postcondition -->
        <test-method is-config="true" signature="precondition()[pri:0, instance:com.orangeHRM.tests.validLoginLogoutTest@6a2f6f80]" started-at="2026-03-24T20:35:33 GMT-04:00" name="precondition" finished-at="2026-03-24T20:35:39 GMT-04:00" duration-ms="6254" status="PASS">
          <reporter-output>
          </reporter-output>
        </test-method> <!-- precondition -->
        <test-method signature="testverifylogout2()[pri:0, instance:com.orangeHRM.tests.validLoginLogoutTest@6a2f6f80]" started-at="2026-03-24T20:35:39 GMT-04:00" name="testverifylogout2" finished-at="2026-03-24T20:36:11 GMT-04:00" duration-ms="31680" status="PASS">
          <reporter-output>
            <line>
              <![CDATA[element is present]]>
            </line>
            <line>
              <![CDATA[element is present]]>
            </line>
            <line>
              <![CDATA[element is present]]>
            </line>
            <line>
              <![CDATA[element is present]]>
            </line>
            <line>
              <![CDATA[title is matching]]>
            </line>
            <line>
              <![CDATA[element is present]]>
            </line>
          </reporter-output>
        </test-method> <!-- testverifylogout2 -->
        <test-method is-config="true" signature="postcondition(org.testng.ITestResult)[pri:0, instance:com.orangeHRM.tests.validLoginLogoutTest@6a2f6f80]" started-at="2026-03-24T20:36:11 GMT-04:00" name="postcondition" finished-at="2026-03-24T20:36:11 GMT-04:00" duration-ms="124" status="PASS">
          <params>
            <param index="0">
              <value>
                <![CDATA[[TestResult name=testverifylogout2 status=SUCCESS method=validLoginLogoutTest.testverifylogout2()[pri:0, instance:com.orangeHRM.tests.validLoginLogoutTest@6a2f6f80] output=element is present]]]>
              </value>
            </param>
          </params>
          <reporter-output>
          </reporter-output>
        </test-method> <!-- postcondition -->
      </class> <!-- com.orangeHRM.tests.validLoginLogoutTest -->
    </test> <!-- Test -->
  </suite> <!-- Suite -->
</testng-results>
